mode: set
github.com/eduardospek/go-clean-architecture/domain/entity/info.entity.go:18.33,20.2 1 0
github.com/eduardospek/go-clean-architecture/domain/entity/info.entity.go:22.46,23.16 1 0
github.com/eduardospek/go-clean-architecture/domain/entity/info.entity.go:24.19,25.27 1 0
github.com/eduardospek/go-clean-architecture/domain/entity/info.entity.go:26.17,27.25 1 0
github.com/eduardospek/go-clean-architecture/domain/entity/info.entity.go:28.21,29.29 1 0
github.com/eduardospek/go-clean-architecture/domain/entity/info.entity.go:30.13,31.67 1 0
github.com/eduardospek/go-clean-architecture/domain/entity/info.entity.go:45.32,47.2 1 0
github.com/eduardospek/go-clean-architecture/domain/entity/info.entity.go:49.44,50.16 1 0
github.com/eduardospek/go-clean-architecture/domain/entity/info.entity.go:51.17,52.25 1 0
github.com/eduardospek/go-clean-architecture/domain/entity/info.entity.go:53.18,54.26 1 0
github.com/eduardospek/go-clean-architecture/domain/entity/info.entity.go:55.21,56.29 1 0
github.com/eduardospek/go-clean-architecture/domain/entity/info.entity.go:57.18,58.26 1 0
github.com/eduardospek/go-clean-architecture/domain/entity/info.entity.go:59.13,60.66 1 0
github.com/eduardospek/go-clean-architecture/domain/entity/info.entity.go:72.31,74.2 1 0
github.com/eduardospek/go-clean-architecture/domain/entity/info.entity.go:76.42,77.16 1 0
github.com/eduardospek/go-clean-architecture/domain/entity/info.entity.go:78.18,79.26 1 0
github.com/eduardospek/go-clean-architecture/domain/entity/info.entity.go:80.18,81.26 1 0
github.com/eduardospek/go-clean-architecture/domain/entity/info.entity.go:82.19,83.27 1 0
github.com/eduardospek/go-clean-architecture/domain/entity/info.entity.go:84.13,85.64 1 0
github.com/eduardospek/go-clean-architecture/domain/entity/info.entity.go:97.33,99.2 1 0
github.com/eduardospek/go-clean-architecture/domain/entity/info.entity.go:101.44,102.16 1 0
github.com/eduardospek/go-clean-architecture/domain/entity/info.entity.go:103.18,104.26 1 0
github.com/eduardospek/go-clean-architecture/domain/entity/info.entity.go:105.21,106.29 1 0
github.com/eduardospek/go-clean-architecture/domain/entity/info.entity.go:107.18,108.26 1 0
github.com/eduardospek/go-clean-architecture/domain/entity/info.entity.go:109.13,110.66 1 0
github.com/eduardospek/go-clean-architecture/domain/entity/info.entity.go:144.45,147.16 2 0
github.com/eduardospek/go-clean-architecture/domain/entity/info.entity.go:147.16,149.3 1 0
github.com/eduardospek/go-clean-architecture/domain/entity/info.entity.go:151.2,153.16 2 0
github.com/eduardospek/go-clean-architecture/domain/entity/info.entity.go:153.16,155.3 1 0
github.com/eduardospek/go-clean-architecture/domain/entity/info.entity.go:157.2,159.16 2 0
github.com/eduardospek/go-clean-architecture/domain/entity/info.entity.go:159.16,161.3 1 0
github.com/eduardospek/go-clean-architecture/domain/entity/info.entity.go:163.2,165.16 2 0
github.com/eduardospek/go-clean-architecture/domain/entity/info.entity.go:165.16,167.3 1 0
github.com/eduardospek/go-clean-architecture/domain/entity/info.entity.go:169.2,169.19 1 0
github.com/eduardospek/go-clean-architecture/domain/entity/info.entity.go:169.19,171.3 1 0
github.com/eduardospek/go-clean-architecture/domain/entity/info.entity.go:173.2,185.21 2 0
github.com/eduardospek/go-clean-architecture/domain/entity/user_entity.go:18.47,27.2 2 0
github.com/eduardospek/go-clean-architecture/domain/aggregate/user_info.go:12.78,14.2 1 0
github.com/eduardospek/go-clean-architecture/main.go:14.16,16.16 2 0
github.com/eduardospek/go-clean-architecture/main.go:16.16,18.6 1 0
github.com/eduardospek/go-clean-architecture/main.go:21.13,49.2 16 0
github.com/eduardospek/go-clean-architecture/infra/database/mysql/conn.go:13.47,15.16 2 0
github.com/eduardospek/go-clean-architecture/infra/database/mysql/conn.go:15.16,18.3 2 0
github.com/eduardospek/go-clean-architecture/infra/database/mysql/conn.go:20.2,21.16 2 0
github.com/eduardospek/go-clean-architecture/infra/database/mysql/conn.go:21.16,23.3 1 0
github.com/eduardospek/go-clean-architecture/infra/database/mysql/conn.go:25.2,25.16 1 0
github.com/eduardospek/go-clean-architecture/infra/database/mysql/info_mysql.go:26.77,30.2 3 0
github.com/eduardospek/go-clean-architecture/infra/database/mysql/info_mysql.go:32.58,35.16 2 0
github.com/eduardospek/go-clean-architecture/infra/database/mysql/info_mysql.go:35.16,38.3 2 0
github.com/eduardospek/go-clean-architecture/infra/database/mysql/info_mysql.go:40.2,52.15 3 0
github.com/eduardospek/go-clean-architecture/infra/database/mysql/info_mysql.go:56.86,68.19 9 0
github.com/eduardospek/go-clean-architecture/infra/database/mysql/info_mysql.go:68.19,70.3 1 0
github.com/eduardospek/go-clean-architecture/infra/database/mysql/info_mysql.go:72.2,81.27 2 0
github.com/eduardospek/go-clean-architecture/infra/database/mysql/info_mysql.go:84.86,96.19 9 0
github.com/eduardospek/go-clean-architecture/infra/database/mysql/info_mysql.go:96.19,98.3 1 0
github.com/eduardospek/go-clean-architecture/infra/database/mysql/info_mysql.go:100.2,109.27 2 0
github.com/eduardospek/go-clean-architecture/infra/database/mysql/info_mysql.go:112.80,115.16 2 0
github.com/eduardospek/go-clean-architecture/infra/database/mysql/info_mysql.go:115.16,118.3 2 0
github.com/eduardospek/go-clean-architecture/infra/database/mysql/info_mysql.go:120.5,131.19 7 0
github.com/eduardospek/go-clean-architecture/infra/database/mysql/info_mysql.go:131.19,133.33 1 0
github.com/eduardospek/go-clean-architecture/infra/database/mysql/info_mysql.go:133.33,135.10 1 0
github.com/eduardospek/go-clean-architecture/infra/database/mysql/info_mysql.go:137.9,137.40 1 0
github.com/eduardospek/go-clean-architecture/infra/database/mysql/info_mysql.go:141.5,152.22 2 0
github.com/eduardospek/go-clean-architecture/infra/database/mysql/info_mysql.go:155.89,158.16 2 0
github.com/eduardospek/go-clean-architecture/infra/database/mysql/info_mysql.go:158.16,161.3 2 0
github.com/eduardospek/go-clean-architecture/infra/database/mysql/info_mysql.go:163.5,174.19 7 0
github.com/eduardospek/go-clean-architecture/infra/database/mysql/info_mysql.go:174.19,176.33 1 0
github.com/eduardospek/go-clean-architecture/infra/database/mysql/info_mysql.go:176.33,178.10 1 0
github.com/eduardospek/go-clean-architecture/infra/database/mysql/info_mysql.go:180.9,180.40 1 0
github.com/eduardospek/go-clean-architecture/infra/database/mysql/info_mysql.go:184.5,195.22 2 0
github.com/eduardospek/go-clean-architecture/infra/database/mysql/info_mysql.go:199.69,208.19 6 0
github.com/eduardospek/go-clean-architecture/infra/database/mysql/info_mysql.go:208.19,209.33 1 0
github.com/eduardospek/go-clean-architecture/infra/database/mysql/info_mysql.go:209.33,211.10 1 0
github.com/eduardospek/go-clean-architecture/infra/database/mysql/info_mysql.go:214.5,214.62 1 0
github.com/eduardospek/go-clean-architecture/infra/database/mysql/user_mysql.go:19.52,23.2 3 0
github.com/eduardospek/go-clean-architecture/infra/database/mysql/user_mysql.go:25.58,27.15 2 0
github.com/eduardospek/go-clean-architecture/infra/database/mysql/user_mysql.go:27.15,28.38 1 0
github.com/eduardospek/go-clean-architecture/infra/database/mysql/user_mysql.go:28.38,30.4 1 0
github.com/eduardospek/go-clean-architecture/infra/database/mysql/user_mysql.go:33.2,33.16 1 0
github.com/eduardospek/go-clean-architecture/infra/database/mysql/user_mysql.go:33.16,36.3 2 0
github.com/eduardospek/go-clean-architecture/infra/database/mysql/user_mysql.go:37.5,44.15 2 0
github.com/eduardospek/go-clean-architecture/infra/database/mysql/user_mysql.go:48.80,53.16 4 0
github.com/eduardospek/go-clean-architecture/infra/database/mysql/user_mysql.go:53.16,55.3 1 0
github.com/eduardospek/go-clean-architecture/infra/database/mysql/user_mysql.go:57.5,60.19 3 0
github.com/eduardospek/go-clean-architecture/infra/database/mysql/user_mysql.go:60.19,62.3 1 0
github.com/eduardospek/go-clean-architecture/infra/database/mysql/user_mysql.go:64.5,64.21 1 0
github.com/eduardospek/go-clean-architecture/infra/database/mysql/user_mysql.go:67.81,69.15 2 0
github.com/eduardospek/go-clean-architecture/infra/database/mysql/user_mysql.go:69.15,70.38 1 0
github.com/eduardospek/go-clean-architecture/infra/database/mysql/user_mysql.go:70.38,72.4 1 0
github.com/eduardospek/go-clean-architecture/infra/database/mysql/user_mysql.go:75.5,76.16 2 0
github.com/eduardospek/go-clean-architecture/infra/database/mysql/user_mysql.go:76.16,78.3 1 0
github.com/eduardospek/go-clean-architecture/infra/database/mysql/user_mysql.go:80.5,81.19 2 0
github.com/eduardospek/go-clean-architecture/infra/database/mysql/user_mysql.go:81.19,84.3 2 0
github.com/eduardospek/go-clean-architecture/infra/database/mysql/user_mysql.go:86.5,87.24 2 0
github.com/eduardospek/go-clean-architecture/infra/database/mysql/user_mysql.go:87.24,89.3 1 0
github.com/eduardospek/go-clean-architecture/infra/database/mysql/user_mysql.go:90.5,90.23 1 0
github.com/eduardospek/go-clean-architecture/infra/database/mysql/user_mysql.go:90.23,91.22 1 0
github.com/eduardospek/go-clean-architecture/infra/database/mysql/user_mysql.go:91.22,93.4 1 0
github.com/eduardospek/go-clean-architecture/infra/database/mysql/user_mysql.go:94.3,94.39 1 0
github.com/eduardospek/go-clean-architecture/infra/database/mysql/user_mysql.go:96.2,98.42 2 0
github.com/eduardospek/go-clean-architecture/infra/database/mysql/user_mysql.go:98.42,100.17 2 0
github.com/eduardospek/go-clean-architecture/infra/database/mysql/user_mysql.go:100.17,103.4 2 0
github.com/eduardospek/go-clean-architecture/infra/database/mysql/user_mysql.go:106.5,108.19 2 0
github.com/eduardospek/go-clean-architecture/infra/database/mysql/user_mysql.go:108.19,111.3 2 0
github.com/eduardospek/go-clean-architecture/infra/database/mysql/user_mysql.go:113.5,113.27 1 0
github.com/eduardospek/go-clean-architecture/infra/database/mysql/user_mysql.go:116.74,118.15 2 0
github.com/eduardospek/go-clean-architecture/infra/database/mysql/user_mysql.go:118.15,119.38 1 0
github.com/eduardospek/go-clean-architecture/infra/database/mysql/user_mysql.go:119.38,121.4 1 0
github.com/eduardospek/go-clean-architecture/infra/database/mysql/user_mysql.go:124.2,124.16 1 0
github.com/eduardospek/go-clean-architecture/infra/database/mysql/user_mysql.go:124.16,127.3 2 0
github.com/eduardospek/go-clean-architecture/infra/database/mysql/user_mysql.go:129.5,137.19 5 0
github.com/eduardospek/go-clean-architecture/infra/database/mysql/user_mysql.go:137.19,139.33 1 0
github.com/eduardospek/go-clean-architecture/infra/database/mysql/user_mysql.go:139.33,141.10 1 0
github.com/eduardospek/go-clean-architecture/infra/database/mysql/user_mysql.go:143.9,143.34 1 0
github.com/eduardospek/go-clean-architecture/infra/database/mysql/user_mysql.go:147.5,153.22 2 0
github.com/eduardospek/go-clean-architecture/infra/database/mysql/user_mysql.go:156.64,159.15 2 0
github.com/eduardospek/go-clean-architecture/infra/database/mysql/user_mysql.go:159.15,160.38 1 0
github.com/eduardospek/go-clean-architecture/infra/database/mysql/user_mysql.go:160.38,162.4 1 0
github.com/eduardospek/go-clean-architecture/infra/database/mysql/user_mysql.go:165.2,165.16 1 0
github.com/eduardospek/go-clean-architecture/infra/database/mysql/user_mysql.go:165.16,167.3 1 0
github.com/eduardospek/go-clean-architecture/infra/database/mysql/user_mysql.go:169.5,170.19 2 0
github.com/eduardospek/go-clean-architecture/infra/database/mysql/user_mysql.go:170.19,172.6 1 0
github.com/eduardospek/go-clean-architecture/infra/database/mysql/user_mysql.go:174.5,179.21 4 0
github.com/eduardospek/go-clean-architecture/infra/database/mysql/user_mysql.go:179.21,182.23 3 0
github.com/eduardospek/go-clean-architecture/infra/database/mysql/user_mysql.go:182.23,184.10 1 0
github.com/eduardospek/go-clean-architecture/infra/database/mysql/user_mysql.go:185.9,185.36 1 0
github.com/eduardospek/go-clean-architecture/infra/database/mysql/user_mysql.go:188.5,188.22 1 0
github.com/eduardospek/go-clean-architecture/infra/database/mysql/user_mysql.go:191.60,194.15 2 0
github.com/eduardospek/go-clean-architecture/infra/database/mysql/user_mysql.go:194.15,195.38 1 0
github.com/eduardospek/go-clean-architecture/infra/database/mysql/user_mysql.go:195.38,197.4 1 0
github.com/eduardospek/go-clean-architecture/infra/database/mysql/user_mysql.go:200.5,200.19 1 0
github.com/eduardospek/go-clean-architecture/infra/database/mysql/user_mysql.go:200.19,202.3 1 0
github.com/eduardospek/go-clean-architecture/infra/database/mysql/user_mysql.go:204.5,206.19 2 0
github.com/eduardospek/go-clean-architecture/infra/database/mysql/user_mysql.go:206.19,208.3 1 0
github.com/eduardospek/go-clean-architecture/infra/database/mysql/user_mysql.go:210.5,212.19 2 0
github.com/eduardospek/go-clean-architecture/infra/database/mysql/user_mysql.go:212.19,214.3 1 0
github.com/eduardospek/go-clean-architecture/infra/database/mysql/user_mysql.go:216.5,216.15 1 0
github.com/eduardospek/go-clean-architecture/infra/database/mysql/user_mysql.go:221.63,223.15 2 0
github.com/eduardospek/go-clean-architecture/infra/database/mysql/user_mysql.go:223.15,224.38 1 0
github.com/eduardospek/go-clean-architecture/infra/database/mysql/user_mysql.go:224.38,226.4 1 0
github.com/eduardospek/go-clean-architecture/infra/database/mysql/user_mysql.go:229.5,234.19 4 0
github.com/eduardospek/go-clean-architecture/infra/database/mysql/user_mysql.go:234.19,235.33 1 0
github.com/eduardospek/go-clean-architecture/infra/database/mysql/user_mysql.go:235.33,237.10 1 0
github.com/eduardospek/go-clean-architecture/infra/database/mysql/user_mysql.go:240.5,240.16 1 0
github.com/eduardospek/go-clean-architecture/infra/database/sqlite/conn.go:13.48,15.16 2 0
github.com/eduardospek/go-clean-architecture/infra/database/sqlite/conn.go:15.16,18.3 2 0
github.com/eduardospek/go-clean-architecture/infra/database/sqlite/conn.go:20.2,21.16 2 0
github.com/eduardospek/go-clean-architecture/infra/database/sqlite/conn.go:21.16,23.3 1 0
github.com/eduardospek/go-clean-architecture/infra/database/sqlite/conn.go:25.2,25.16 1 0
github.com/eduardospek/go-clean-architecture/infra/database/sqlite/info_sqlite.go:26.79,30.2 3 0
github.com/eduardospek/go-clean-architecture/infra/database/sqlite/info_sqlite.go:32.59,34.16 2 0
github.com/eduardospek/go-clean-architecture/infra/database/sqlite/info_sqlite.go:34.16,37.3 2 0
github.com/eduardospek/go-clean-architecture/infra/database/sqlite/info_sqlite.go:38.2,56.15 3 0
github.com/eduardospek/go-clean-architecture/infra/database/sqlite/info_sqlite.go:60.87,72.19 9 0
github.com/eduardospek/go-clean-architecture/infra/database/sqlite/info_sqlite.go:72.19,74.3 1 0
github.com/eduardospek/go-clean-architecture/infra/database/sqlite/info_sqlite.go:76.2,85.27 2 0
github.com/eduardospek/go-clean-architecture/infra/database/sqlite/info_sqlite.go:88.87,100.19 9 0
github.com/eduardospek/go-clean-architecture/infra/database/sqlite/info_sqlite.go:100.19,102.3 1 0
github.com/eduardospek/go-clean-architecture/infra/database/sqlite/info_sqlite.go:104.2,113.27 2 0
github.com/eduardospek/go-clean-architecture/infra/database/sqlite/info_sqlite.go:116.81,119.16 2 0
github.com/eduardospek/go-clean-architecture/infra/database/sqlite/info_sqlite.go:119.16,122.3 2 0
github.com/eduardospek/go-clean-architecture/infra/database/sqlite/info_sqlite.go:124.5,135.19 7 0
github.com/eduardospek/go-clean-architecture/infra/database/sqlite/info_sqlite.go:135.19,137.33 1 0
github.com/eduardospek/go-clean-architecture/infra/database/sqlite/info_sqlite.go:137.33,139.10 1 0
github.com/eduardospek/go-clean-architecture/infra/database/sqlite/info_sqlite.go:141.9,141.40 1 0
github.com/eduardospek/go-clean-architecture/infra/database/sqlite/info_sqlite.go:145.5,156.22 2 0
github.com/eduardospek/go-clean-architecture/infra/database/sqlite/info_sqlite.go:159.90,162.16 2 0
github.com/eduardospek/go-clean-architecture/infra/database/sqlite/info_sqlite.go:162.16,165.3 2 0
github.com/eduardospek/go-clean-architecture/infra/database/sqlite/info_sqlite.go:167.5,178.19 7 0
github.com/eduardospek/go-clean-architecture/infra/database/sqlite/info_sqlite.go:178.19,180.33 1 0
github.com/eduardospek/go-clean-architecture/infra/database/sqlite/info_sqlite.go:180.33,182.10 1 0
github.com/eduardospek/go-clean-architecture/infra/database/sqlite/info_sqlite.go:184.9,184.40 1 0
github.com/eduardospek/go-clean-architecture/infra/database/sqlite/info_sqlite.go:188.5,199.22 2 0
github.com/eduardospek/go-clean-architecture/infra/database/sqlite/info_sqlite.go:203.70,212.19 6 0
github.com/eduardospek/go-clean-architecture/infra/database/sqlite/info_sqlite.go:212.19,213.33 1 0
github.com/eduardospek/go-clean-architecture/infra/database/sqlite/info_sqlite.go:213.33,215.10 1 0
github.com/eduardospek/go-clean-architecture/infra/database/sqlite/info_sqlite.go:218.5,218.62 1 0
github.com/eduardospek/go-clean-architecture/infra/database/sqlite/user_sqlite.go:20.54,24.2 3 0
github.com/eduardospek/go-clean-architecture/infra/database/sqlite/user_sqlite.go:26.59,29.16 2 0
github.com/eduardospek/go-clean-architecture/infra/database/sqlite/user_sqlite.go:29.16,32.3 2 0
github.com/eduardospek/go-clean-architecture/infra/database/sqlite/user_sqlite.go:34.5,48.15 3 0
github.com/eduardospek/go-clean-architecture/infra/database/sqlite/user_sqlite.go:52.81,59.19 5 0
github.com/eduardospek/go-clean-architecture/infra/database/sqlite/user_sqlite.go:59.19,61.3 1 0
github.com/eduardospek/go-clean-architecture/infra/database/sqlite/user_sqlite.go:63.5,63.21 1 0
github.com/eduardospek/go-clean-architecture/infra/database/sqlite/user_sqlite.go:66.82,71.19 4 0
github.com/eduardospek/go-clean-architecture/infra/database/sqlite/user_sqlite.go:71.19,74.3 2 0
github.com/eduardospek/go-clean-architecture/infra/database/sqlite/user_sqlite.go:76.5,77.24 2 0
github.com/eduardospek/go-clean-architecture/infra/database/sqlite/user_sqlite.go:77.24,79.3 1 0
github.com/eduardospek/go-clean-architecture/infra/database/sqlite/user_sqlite.go:80.5,80.23 1 0
github.com/eduardospek/go-clean-architecture/infra/database/sqlite/user_sqlite.go:80.23,81.22 1 0
github.com/eduardospek/go-clean-architecture/infra/database/sqlite/user_sqlite.go:81.22,83.4 1 0
github.com/eduardospek/go-clean-architecture/infra/database/sqlite/user_sqlite.go:84.3,84.39 1 0
github.com/eduardospek/go-clean-architecture/infra/database/sqlite/user_sqlite.go:86.2,88.42 2 0
github.com/eduardospek/go-clean-architecture/infra/database/sqlite/user_sqlite.go:88.42,90.17 2 0
github.com/eduardospek/go-clean-architecture/infra/database/sqlite/user_sqlite.go:90.17,93.4 2 0
github.com/eduardospek/go-clean-architecture/infra/database/sqlite/user_sqlite.go:96.5,98.19 2 0
github.com/eduardospek/go-clean-architecture/infra/database/sqlite/user_sqlite.go:98.19,101.3 2 0
github.com/eduardospek/go-clean-architecture/infra/database/sqlite/user_sqlite.go:103.5,103.27 1 0
github.com/eduardospek/go-clean-architecture/infra/database/sqlite/user_sqlite.go:106.75,109.16 2 0
github.com/eduardospek/go-clean-architecture/infra/database/sqlite/user_sqlite.go:109.16,112.3 2 0
github.com/eduardospek/go-clean-architecture/infra/database/sqlite/user_sqlite.go:114.5,125.19 7 0
github.com/eduardospek/go-clean-architecture/infra/database/sqlite/user_sqlite.go:125.19,127.33 1 0
github.com/eduardospek/go-clean-architecture/infra/database/sqlite/user_sqlite.go:127.33,129.10 1 0
github.com/eduardospek/go-clean-architecture/infra/database/sqlite/user_sqlite.go:131.9,131.34 1 0
github.com/eduardospek/go-clean-architecture/infra/database/sqlite/user_sqlite.go:135.5,143.22 2 0
github.com/eduardospek/go-clean-architecture/infra/database/sqlite/user_sqlite.go:146.65,150.16 2 0
github.com/eduardospek/go-clean-architecture/infra/database/sqlite/user_sqlite.go:150.16,152.3 1 0
github.com/eduardospek/go-clean-architecture/infra/database/sqlite/user_sqlite.go:154.5,157.19 3 0
github.com/eduardospek/go-clean-architecture/infra/database/sqlite/user_sqlite.go:157.19,159.6 1 0
github.com/eduardospek/go-clean-architecture/infra/database/sqlite/user_sqlite.go:161.5,166.21 4 0
github.com/eduardospek/go-clean-architecture/infra/database/sqlite/user_sqlite.go:166.21,169.23 3 0
github.com/eduardospek/go-clean-architecture/infra/database/sqlite/user_sqlite.go:169.23,171.10 1 0
github.com/eduardospek/go-clean-architecture/infra/database/sqlite/user_sqlite.go:172.9,174.36 3 0
github.com/eduardospek/go-clean-architecture/infra/database/sqlite/user_sqlite.go:177.5,177.22 1 0
github.com/eduardospek/go-clean-architecture/infra/database/sqlite/user_sqlite.go:180.61,184.19 2 0
github.com/eduardospek/go-clean-architecture/infra/database/sqlite/user_sqlite.go:184.19,186.3 1 0
github.com/eduardospek/go-clean-architecture/infra/database/sqlite/user_sqlite.go:188.5,192.19 3 0
github.com/eduardospek/go-clean-architecture/infra/database/sqlite/user_sqlite.go:192.19,194.3 1 0
github.com/eduardospek/go-clean-architecture/infra/database/sqlite/user_sqlite.go:196.5,198.19 2 0
github.com/eduardospek/go-clean-architecture/infra/database/sqlite/user_sqlite.go:198.19,200.3 1 0
github.com/eduardospek/go-clean-architecture/infra/database/sqlite/user_sqlite.go:202.5,202.15 1 0
github.com/eduardospek/go-clean-architecture/infra/database/sqlite/user_sqlite.go:207.65,216.19 6 0
github.com/eduardospek/go-clean-architecture/infra/database/sqlite/user_sqlite.go:216.19,217.33 1 0
github.com/eduardospek/go-clean-architecture/infra/database/sqlite/user_sqlite.go:217.33,219.10 1 0
github.com/eduardospek/go-clean-architecture/infra/database/sqlite/user_sqlite.go:222.5,222.59 1 0
github.com/eduardospek/go-clean-architecture/infra/database/memorydb/info_memory.go:13.54,15.2 1 0
github.com/eduardospek/go-clean-architecture/infra/database/memorydb/info_memory.go:17.87,33.2 3 0
github.com/eduardospek/go-clean-architecture/infra/database/memorydb/info_memory.go:35.87,49.2 3 0
github.com/eduardospek/go-clean-architecture/infra/database/memorydb/info_memory.go:51.81,52.36 1 0
github.com/eduardospek/go-clean-architecture/infra/database/memorydb/info_memory.go:52.36,64.3 2 0
github.com/eduardospek/go-clean-architecture/infra/database/memorydb/info_memory.go:65.2,65.45 1 0
github.com/eduardospek/go-clean-architecture/infra/database/memorydb/info_memory.go:68.90,69.34 1 0
github.com/eduardospek/go-clean-architecture/infra/database/memorydb/info_memory.go:69.34,70.30 1 0
github.com/eduardospek/go-clean-architecture/infra/database/memorydb/info_memory.go:70.30,82.4 2 0
github.com/eduardospek/go-clean-architecture/infra/database/memorydb/info_memory.go:85.2,85.45 1 0
github.com/eduardospek/go-clean-architecture/infra/database/memorydb/info_memory.go:89.70,91.34 1 0
github.com/eduardospek/go-clean-architecture/infra/database/memorydb/info_memory.go:91.34,92.30 1 0
github.com/eduardospek/go-clean-architecture/infra/database/memorydb/info_memory.go:92.30,94.4 1 0
github.com/eduardospek/go-clean-architecture/infra/database/memorydb/info_memory.go:97.5,97.15 1 0
github.com/eduardospek/go-clean-architecture/infra/database/memorydb/user_memory.go:19.54,21.2 1 0
github.com/eduardospek/go-clean-architecture/infra/database/memorydb/user_memory.go:23.81,26.2 2 0
github.com/eduardospek/go-clean-architecture/infra/database/memorydb/user_memory.go:28.82,31.2 2 0
github.com/eduardospek/go-clean-architecture/infra/database/memorydb/user_memory.go:33.75,34.36 1 0
github.com/eduardospek/go-clean-architecture/infra/database/memorydb/user_memory.go:34.36,36.3 1 0
github.com/eduardospek/go-clean-architecture/infra/database/memorydb/user_memory.go:37.2,37.39 1 0
github.com/eduardospek/go-clean-architecture/infra/database/memorydb/user_memory.go:40.65,42.26 1 0
github.com/eduardospek/go-clean-architecture/infra/database/memorydb/user_memory.go:42.26,44.3 1 0
github.com/eduardospek/go-clean-architecture/infra/database/memorydb/user_memory.go:46.5,47.37 2 0
github.com/eduardospek/go-clean-architecture/infra/database/memorydb/user_memory.go:47.37,49.6 1 0
github.com/eduardospek/go-clean-architecture/infra/database/memorydb/user_memory.go:51.2,51.24 1 0
github.com/eduardospek/go-clean-architecture/infra/database/memorydb/user_memory.go:54.59,55.33 1 0
github.com/eduardospek/go-clean-architecture/infra/database/memorydb/user_memory.go:55.33,58.3 2 0
github.com/eduardospek/go-clean-architecture/infra/database/memorydb/user_memory.go:59.2,59.24 1 0
github.com/eduardospek/go-clean-architecture/infra/database/memorydb/user_memory.go:63.65,64.37 1 0
github.com/eduardospek/go-clean-architecture/infra/database/memorydb/user_memory.go:64.37,65.30 1 0
github.com/eduardospek/go-clean-architecture/infra/database/memorydb/user_memory.go:65.30,67.10 1 0
github.com/eduardospek/go-clean-architecture/infra/database/memorydb/user_memory.go:69.5,69.15 1 0
github.com/eduardospek/go-clean-architecture/middlewares/cors_middleware.go:8.53,9.74 1 0
github.com/eduardospek/go-clean-architecture/middlewares/cors_middleware.go:9.74,14.6 4 0
github.com/eduardospek/go-clean-architecture/interfaces/controllers/info_controller.go:16.79,18.2 1 0
github.com/eduardospek/go-clean-architecture/interfaces/controllers/info_controller.go:20.86,27.16 4 0
github.com/eduardospek/go-clean-architecture/interfaces/controllers/info_controller.go:27.16,30.3 2 0
github.com/eduardospek/go-clean-architecture/interfaces/controllers/info_controller.go:32.2,32.36 1 0
github.com/eduardospek/go-clean-architecture/interfaces/controllers/info_controller.go:35.86,47.16 7 0
github.com/eduardospek/go-clean-architecture/interfaces/controllers/info_controller.go:47.16,50.3 2 0
github.com/eduardospek/go-clean-architecture/interfaces/controllers/info_controller.go:52.2,52.36 1 0
github.com/eduardospek/go-clean-architecture/interfaces/controllers/userinfo_controller.go:15.95,17.2 1 0
github.com/eduardospek/go-clean-architecture/interfaces/controllers/userinfo_controller.go:19.74,25.16 4 0
github.com/eduardospek/go-clean-architecture/interfaces/controllers/userinfo_controller.go:25.16,28.3 2 0
github.com/eduardospek/go-clean-architecture/interfaces/controllers/userinfo_controller.go:30.2,31.16 2 0
github.com/eduardospek/go-clean-architecture/interfaces/controllers/userinfo_controller.go:31.16,34.3 2 0
github.com/eduardospek/go-clean-architecture/interfaces/controllers/userinfo_controller.go:37.2,39.19 3 0
github.com/eduardospek/go-clean-architecture/interfaces/controllers/users_controller.go:16.79,18.2 1 0
github.com/eduardospek/go-clean-architecture/interfaces/controllers/users_controller.go:20.87,26.16 4 0
github.com/eduardospek/go-clean-architecture/interfaces/controllers/users_controller.go:26.16,29.3 2 0
github.com/eduardospek/go-clean-architecture/interfaces/controllers/users_controller.go:31.2,31.36 1 0
github.com/eduardospek/go-clean-architecture/interfaces/controllers/users_controller.go:33.87,44.16 7 0
github.com/eduardospek/go-clean-architecture/interfaces/controllers/users_controller.go:44.16,47.3 2 0
github.com/eduardospek/go-clean-architecture/interfaces/controllers/users_controller.go:49.2,49.39 1 0
github.com/eduardospek/go-clean-architecture/interfaces/controllers/users_controller.go:52.84,58.16 4 0
github.com/eduardospek/go-clean-architecture/interfaces/controllers/users_controller.go:58.16,61.3 2 0
github.com/eduardospek/go-clean-architecture/interfaces/controllers/users_controller.go:63.2,63.33 1 0
github.com/eduardospek/go-clean-architecture/interfaces/controllers/users_controller.go:66.85,69.16 2 0
github.com/eduardospek/go-clean-architecture/interfaces/controllers/users_controller.go:69.16,72.3 2 0
github.com/eduardospek/go-clean-architecture/interfaces/controllers/users_controller.go:74.2,74.34 1 0
github.com/eduardospek/go-clean-architecture/interfaces/controllers/users_controller.go:77.87,83.16 4 0
github.com/eduardospek/go-clean-architecture/interfaces/controllers/users_controller.go:83.16,86.3 2 0
github.com/eduardospek/go-clean-architecture/interfaces/controllers/users_controller.go:88.2,88.30 1 0
github.com/eduardospek/go-clean-architecture/routes/conn_router.go:16.26,18.2 1 0
github.com/eduardospek/go-clean-architecture/routes/conn_router.go:20.37,26.2 3 0
github.com/eduardospek/go-clean-architecture/routes/info_routes.go:5.73,10.2 2 0
github.com/eduardospek/go-clean-architecture/routes/user_routes.go:7.74,14.2 5 0
github.com/eduardospek/go-clean-architecture/routes/userinfo_routes.go:5.85,9.2 1 0
github.com/eduardospek/go-clean-architecture/validations/info_validation.go:12.119,14.2 1 0
github.com/eduardospek/go-clean-architecture/validations/info_validation.go:16.61,18.16 2 0
github.com/eduardospek/go-clean-architecture/validations/info_validation.go:18.16,20.3 1 0
github.com/eduardospek/go-clean-architecture/validations/info_validation.go:21.2,21.12 1 0
github.com/eduardospek/go-clean-architecture/validations/user_validation.go:25.77,27.2 1 0
github.com/eduardospek/go-clean-architecture/validations/user_validation.go:29.65,30.29 1 0
github.com/eduardospek/go-clean-architecture/validations/user_validation.go:30.29,32.3 1 0
github.com/eduardospek/go-clean-architecture/validations/user_validation.go:33.2,33.16 1 0
github.com/eduardospek/go-clean-architecture/validations/user_validation.go:33.16,35.3 1 0
github.com/eduardospek/go-clean-architecture/validations/user_validation.go:36.2,36.15 1 0
github.com/eduardospek/go-clean-architecture/validations/user_validation.go:36.15,38.3 1 0
github.com/eduardospek/go-clean-architecture/validations/user_validation.go:39.2,39.19 1 0
github.com/eduardospek/go-clean-architecture/validations/user_validation.go:39.19,41.3 1 0
github.com/eduardospek/go-clean-architecture/validations/user_validation.go:42.2,42.19 1 0
github.com/eduardospek/go-clean-architecture/validations/user_validation.go:42.19,44.3 1 0
github.com/eduardospek/go-clean-architecture/validations/user_validation.go:46.2,46.12 1 0
github.com/eduardospek/go-clean-architecture/validations/user_validation.go:49.59,51.16 2 0
github.com/eduardospek/go-clean-architecture/validations/user_validation.go:51.16,53.3 1 0
github.com/eduardospek/go-clean-architecture/validations/user_validation.go:54.2,54.12 1 0
github.com/eduardospek/go-clean-architecture/validations/user_validation.go:56.60,58.16 2 0
github.com/eduardospek/go-clean-architecture/validations/user_validation.go:58.16,60.3 1 0
github.com/eduardospek/go-clean-architecture/validations/user_validation.go:61.2,61.12 1 0
github.com/eduardospek/go-clean-architecture/usecases/info_interactor.go:25.61,30.2 1 0
github.com/eduardospek/go-clean-architecture/usecases/info_interactor.go:32.96,34.16 2 0
github.com/eduardospek/go-clean-architecture/usecases/info_interactor.go:34.16,36.3 1 0
github.com/eduardospek/go-clean-architecture/usecases/info_interactor.go:39.2,40.16 2 0
github.com/eduardospek/go-clean-architecture/usecases/info_interactor.go:40.16,42.3 1 0
github.com/eduardospek/go-clean-architecture/usecases/info_interactor.go:45.2,46.16 2 0
github.com/eduardospek/go-clean-architecture/usecases/info_interactor.go:46.16,48.3 1 0
github.com/eduardospek/go-clean-architecture/usecases/info_interactor.go:50.2,50.51 1 0
github.com/eduardospek/go-clean-architecture/usecases/info_interactor.go:53.96,57.16 2 0
github.com/eduardospek/go-clean-architecture/usecases/info_interactor.go:57.16,59.3 1 0
github.com/eduardospek/go-clean-architecture/usecases/info_interactor.go:62.2,63.16 2 0
github.com/eduardospek/go-clean-architecture/usecases/info_interactor.go:63.16,65.3 1 0
github.com/eduardospek/go-clean-architecture/usecases/info_interactor.go:68.2,69.16 2 0
github.com/eduardospek/go-clean-architecture/usecases/info_interactor.go:69.16,73.3 1 0
github.com/eduardospek/go-clean-architecture/usecases/info_interactor.go:75.2,75.72 1 0
github.com/eduardospek/go-clean-architecture/usecases/user_interactor.go:22.106,24.2 1 0
github.com/eduardospek/go-clean-architecture/usecases/user_interactor.go:26.88,31.16 2 0
github.com/eduardospek/go-clean-architecture/usecases/user_interactor.go:31.16,33.3 1 0
github.com/eduardospek/go-clean-architecture/usecases/user_interactor.go:35.2,40.16 3 0
github.com/eduardospek/go-clean-architecture/usecases/user_interactor.go:40.16,42.3 1 0
github.com/eduardospek/go-clean-architecture/usecases/user_interactor.go:44.2,44.51 1 0
github.com/eduardospek/go-clean-architecture/usecases/user_interactor.go:47.85,49.16 2 0
github.com/eduardospek/go-clean-architecture/usecases/user_interactor.go:49.16,51.3 1 0
github.com/eduardospek/go-clean-architecture/usecases/user_interactor.go:52.2,57.51 2 0
github.com/eduardospek/go-clean-architecture/usecases/user_interactor.go:61.75,63.2 1 0
github.com/eduardospek/go-clean-architecture/usecases/user_interactor.go:65.69,67.2 1 0
github.com/eduardospek/go-clean-architecture/usecases/user_interactor.go:69.63,71.2 1 0
github.com/eduardospek/go-clean-architecture/usecases/userinfo_interactor.go:19.105,22.2 1 0
github.com/eduardospek/go-clean-architecture/usecases/userinfo_interactor.go:24.91,26.16 2 0
github.com/eduardospek/go-clean-architecture/usecases/userinfo_interactor.go:26.16,28.3 1 0
github.com/eduardospek/go-clean-architecture/usecases/userinfo_interactor.go:30.2,31.16 2 0
github.com/eduardospek/go-clean-architecture/usecases/userinfo_interactor.go:31.16,33.3 1 0
github.com/eduardospek/go-clean-architecture/usecases/userinfo_interactor.go:35.2,37.23 2 0
github.com/eduardospek/go-clean-architecture/domain/aggregate/user_info.go:12.78,14.2 1 1
github.com/eduardospek/go-clean-architecture/domain/entity/info.entity.go:18.33,20.2 1 1
github.com/eduardospek/go-clean-architecture/domain/entity/info.entity.go:22.46,23.16 1 1
github.com/eduardospek/go-clean-architecture/domain/entity/info.entity.go:24.19,25.27 1 1
github.com/eduardospek/go-clean-architecture/domain/entity/info.entity.go:26.17,27.25 1 1
github.com/eduardospek/go-clean-architecture/domain/entity/info.entity.go:28.21,29.29 1 1
github.com/eduardospek/go-clean-architecture/domain/entity/info.entity.go:30.13,31.67 1 0
github.com/eduardospek/go-clean-architecture/domain/entity/info.entity.go:45.32,47.2 1 1
github.com/eduardospek/go-clean-architecture/domain/entity/info.entity.go:49.44,50.16 1 1
github.com/eduardospek/go-clean-architecture/domain/entity/info.entity.go:51.17,52.25 1 1
github.com/eduardospek/go-clean-architecture/domain/entity/info.entity.go:53.18,54.26 1 1
github.com/eduardospek/go-clean-architecture/domain/entity/info.entity.go:55.21,56.29 1 0
github.com/eduardospek/go-clean-architecture/domain/entity/info.entity.go:57.18,58.26 1 1
github.com/eduardospek/go-clean-architecture/domain/entity/info.entity.go:59.13,60.66 1 0
github.com/eduardospek/go-clean-architecture/domain/entity/info.entity.go:72.31,74.2 1 1
github.com/eduardospek/go-clean-architecture/domain/entity/info.entity.go:76.42,77.16 1 1
github.com/eduardospek/go-clean-architecture/domain/entity/info.entity.go:78.18,79.26 1 1
github.com/eduardospek/go-clean-architecture/domain/entity/info.entity.go:80.18,81.26 1 0
github.com/eduardospek/go-clean-architecture/domain/entity/info.entity.go:82.19,83.27 1 1
github.com/eduardospek/go-clean-architecture/domain/entity/info.entity.go:84.13,85.64 1 0
github.com/eduardospek/go-clean-architecture/domain/entity/info.entity.go:97.33,99.2 1 1
github.com/eduardospek/go-clean-architecture/domain/entity/info.entity.go:101.44,102.16 1 1
github.com/eduardospek/go-clean-architecture/domain/entity/info.entity.go:103.18,104.26 1 1
github.com/eduardospek/go-clean-architecture/domain/entity/info.entity.go:105.21,106.29 1 1
github.com/eduardospek/go-clean-architecture/domain/entity/info.entity.go:107.18,108.26 1 1
github.com/eduardospek/go-clean-architecture/domain/entity/info.entity.go:109.13,110.66 1 0
github.com/eduardospek/go-clean-architecture/domain/entity/info.entity.go:144.45,147.16 2 1
github.com/eduardospek/go-clean-architecture/domain/entity/info.entity.go:147.16,149.3 1 0
github.com/eduardospek/go-clean-architecture/domain/entity/info.entity.go:151.2,153.16 2 1
github.com/eduardospek/go-clean-architecture/domain/entity/info.entity.go:153.16,155.3 1 0
github.com/eduardospek/go-clean-architecture/domain/entity/info.entity.go:157.2,159.16 2 1
github.com/eduardospek/go-clean-architecture/domain/entity/info.entity.go:159.16,161.3 1 0
github.com/eduardospek/go-clean-architecture/domain/entity/info.entity.go:163.2,165.16 2 1
github.com/eduardospek/go-clean-architecture/domain/entity/info.entity.go:165.16,167.3 1 0
github.com/eduardospek/go-clean-architecture/domain/entity/info.entity.go:169.2,169.19 1 1
github.com/eduardospek/go-clean-architecture/domain/entity/info.entity.go:169.19,171.3 1 1
github.com/eduardospek/go-clean-architecture/domain/entity/info.entity.go:173.2,185.21 2 1
github.com/eduardospek/go-clean-architecture/domain/entity/user_entity.go:18.47,27.2 2 1
github.com/eduardospek/go-clean-architecture/infra/database/memorydb/info_memory.go:13.54,15.2 1 1
github.com/eduardospek/go-clean-architecture/infra/database/memorydb/info_memory.go:17.87,33.2 3 1
github.com/eduardospek/go-clean-architecture/infra/database/memorydb/info_memory.go:35.87,49.2 3 1
github.com/eduardospek/go-clean-architecture/infra/database/memorydb/info_memory.go:51.81,52.36 1 1
github.com/eduardospek/go-clean-architecture/infra/database/memorydb/info_memory.go:52.36,64.3 2 1
github.com/eduardospek/go-clean-architecture/infra/database/memorydb/info_memory.go:65.2,65.45 1 0
github.com/eduardospek/go-clean-architecture/infra/database/memorydb/info_memory.go:68.90,69.34 1 1
github.com/eduardospek/go-clean-architecture/infra/database/memorydb/info_memory.go:69.34,70.30 1 1
github.com/eduardospek/go-clean-architecture/infra/database/memorydb/info_memory.go:70.30,82.4 2 1
github.com/eduardospek/go-clean-architecture/infra/database/memorydb/info_memory.go:85.2,85.45 1 0
github.com/eduardospek/go-clean-architecture/infra/database/memorydb/info_memory.go:89.70,91.34 1 1
github.com/eduardospek/go-clean-architecture/infra/database/memorydb/info_memory.go:91.34,92.30 1 1
github.com/eduardospek/go-clean-architecture/infra/database/memorydb/info_memory.go:92.30,94.4 1 1
github.com/eduardospek/go-clean-architecture/infra/database/memorydb/info_memory.go:97.5,97.15 1 1
github.com/eduardospek/go-clean-architecture/infra/database/memorydb/user_memory.go:19.54,21.2 1 1
github.com/eduardospek/go-clean-architecture/infra/database/memorydb/user_memory.go:23.81,26.2 2 1
github.com/eduardospek/go-clean-architecture/infra/database/memorydb/user_memory.go:28.82,31.2 2 1
github.com/eduardospek/go-clean-architecture/infra/database/memorydb/user_memory.go:33.75,34.36 1 1
github.com/eduardospek/go-clean-architecture/infra/database/memorydb/user_memory.go:34.36,36.3 1 1
github.com/eduardospek/go-clean-architecture/infra/database/memorydb/user_memory.go:37.2,37.39 1 1
github.com/eduardospek/go-clean-architecture/infra/database/memorydb/user_memory.go:40.65,42.26 1 1
github.com/eduardospek/go-clean-architecture/infra/database/memorydb/user_memory.go:42.26,44.3 1 0
github.com/eduardospek/go-clean-architecture/infra/database/memorydb/user_memory.go:46.5,47.37 2 1
github.com/eduardospek/go-clean-architecture/infra/database/memorydb/user_memory.go:47.37,49.6 1 1
github.com/eduardospek/go-clean-architecture/infra/database/memorydb/user_memory.go:51.2,51.24 1 1
github.com/eduardospek/go-clean-architecture/infra/database/memorydb/user_memory.go:54.59,55.33 1 1
github.com/eduardospek/go-clean-architecture/infra/database/memorydb/user_memory.go:55.33,58.3 2 1
github.com/eduardospek/go-clean-architecture/infra/database/memorydb/user_memory.go:59.2,59.24 1 0
github.com/eduardospek/go-clean-architecture/infra/database/memorydb/user_memory.go:63.65,64.37 1 1
github.com/eduardospek/go-clean-architecture/infra/database/memorydb/user_memory.go:64.37,65.30 1 1
github.com/eduardospek/go-clean-architecture/infra/database/memorydb/user_memory.go:65.30,67.10 1 1
github.com/eduardospek/go-clean-architecture/infra/database/memorydb/user_memory.go:69.5,69.15 1 1
github.com/eduardospek/go-clean-architecture/usecases/info_interactor.go:25.61,30.2 1 1
github.com/eduardospek/go-clean-architecture/usecases/info_interactor.go:32.96,34.16 2 1
github.com/eduardospek/go-clean-architecture/usecases/info_interactor.go:34.16,36.3 1 0
github.com/eduardospek/go-clean-architecture/usecases/info_interactor.go:39.2,40.16 2 1
github.com/eduardospek/go-clean-architecture/usecases/info_interactor.go:40.16,42.3 1 0
github.com/eduardospek/go-clean-architecture/usecases/info_interactor.go:45.2,46.16 2 1
github.com/eduardospek/go-clean-architecture/usecases/info_interactor.go:46.16,48.3 1 0
github.com/eduardospek/go-clean-architecture/usecases/info_interactor.go:50.2,50.51 1 1
github.com/eduardospek/go-clean-architecture/usecases/info_interactor.go:53.96,57.16 2 1
github.com/eduardospek/go-clean-architecture/usecases/info_interactor.go:57.16,59.3 1 0
github.com/eduardospek/go-clean-architecture/usecases/info_interactor.go:62.2,63.16 2 1
github.com/eduardospek/go-clean-architecture/usecases/info_interactor.go:63.16,65.3 1 0
github.com/eduardospek/go-clean-architecture/usecases/info_interactor.go:68.2,69.16 2 1
github.com/eduardospek/go-clean-architecture/usecases/info_interactor.go:69.16,73.3 1 1
github.com/eduardospek/go-clean-architecture/usecases/info_interactor.go:75.2,75.72 1 0
github.com/eduardospek/go-clean-architecture/usecases/user_interactor.go:22.106,24.2 1 1
github.com/eduardospek/go-clean-architecture/usecases/user_interactor.go:26.88,31.16 2 1
github.com/eduardospek/go-clean-architecture/usecases/user_interactor.go:31.16,33.3 1 0
github.com/eduardospek/go-clean-architecture/usecases/user_interactor.go:35.2,40.16 3 1
github.com/eduardospek/go-clean-architecture/usecases/user_interactor.go:40.16,42.3 1 0
github.com/eduardospek/go-clean-architecture/usecases/user_interactor.go:44.2,44.51 1 1
github.com/eduardospek/go-clean-architecture/usecases/user_interactor.go:47.85,49.16 2 1
github.com/eduardospek/go-clean-architecture/usecases/user_interactor.go:49.16,51.3 1 0
github.com/eduardospek/go-clean-architecture/usecases/user_interactor.go:52.2,57.51 2 1
github.com/eduardospek/go-clean-architecture/usecases/user_interactor.go:61.75,63.2 1 1
github.com/eduardospek/go-clean-architecture/usecases/user_interactor.go:65.69,67.2 1 1
github.com/eduardospek/go-clean-architecture/usecases/user_interactor.go:69.63,71.2 1 1
github.com/eduardospek/go-clean-architecture/usecases/userinfo_interactor.go:19.105,22.2 1 1
github.com/eduardospek/go-clean-architecture/usecases/userinfo_interactor.go:24.91,26.16 2 1
github.com/eduardospek/go-clean-architecture/usecases/userinfo_interactor.go:26.16,28.3 1 0
github.com/eduardospek/go-clean-architecture/usecases/userinfo_interactor.go:30.2,31.16 2 1
github.com/eduardospek/go-clean-architecture/usecases/userinfo_interactor.go:31.16,33.3 1 0
github.com/eduardospek/go-clean-architecture/usecases/userinfo_interactor.go:35.2,37.23 2 1
github.com/eduardospek/go-clean-architecture/validations/info_validation.go:12.119,14.2 1 1
github.com/eduardospek/go-clean-architecture/validations/info_validation.go:16.61,18.16 2 1
github.com/eduardospek/go-clean-architecture/validations/info_validation.go:18.16,20.3 1 1
github.com/eduardospek/go-clean-architecture/validations/info_validation.go:21.2,21.12 1 1
github.com/eduardospek/go-clean-architecture/validations/user_validation.go:25.77,27.2 1 1
github.com/eduardospek/go-clean-architecture/validations/user_validation.go:29.65,30.29 1 1
github.com/eduardospek/go-clean-architecture/validations/user_validation.go:30.29,32.3 1 1
github.com/eduardospek/go-clean-architecture/validations/user_validation.go:33.2,33.16 1 1
github.com/eduardospek/go-clean-architecture/validations/user_validation.go:33.16,35.3 1 1
github.com/eduardospek/go-clean-architecture/validations/user_validation.go:36.2,36.15 1 1
github.com/eduardospek/go-clean-architecture/validations/user_validation.go:36.15,38.3 1 1
github.com/eduardospek/go-clean-architecture/validations/user_validation.go:39.2,39.19 1 1
github.com/eduardospek/go-clean-architecture/validations/user_validation.go:39.19,41.3 1 1
github.com/eduardospek/go-clean-architecture/validations/user_validation.go:42.2,42.19 1 1
github.com/eduardospek/go-clean-architecture/validations/user_validation.go:42.19,44.3 1 1
github.com/eduardospek/go-clean-architecture/validations/user_validation.go:46.2,46.12 1 1
github.com/eduardospek/go-clean-architecture/validations/user_validation.go:49.59,51.16 2 1
github.com/eduardospek/go-clean-architecture/validations/user_validation.go:51.16,53.3 1 1
github.com/eduardospek/go-clean-architecture/validations/user_validation.go:54.2,54.12 1 1
github.com/eduardospek/go-clean-architecture/validations/user_validation.go:56.60,58.16 2 1
github.com/eduardospek/go-clean-architecture/validations/user_validation.go:58.16,60.3 1 1
github.com/eduardospek/go-clean-architecture/validations/user_validation.go:61.2,61.12 1 1
